

============================== 2022-10-20 03:57:34.595646 | 71cedc95-73ea-4836-97d6-1c7a6787ad9c ==============================
[0m03:57:34.595652 [info ] [MainThread]: Running with dbt=1.3.0
[0m03:57:34.595852 [debug] [MainThread]: running dbt with arguments {'write_json': True, 'use_colors': True, 'printer_width': 80, 'version_check': True, 'partial_parse': True, 'static_parser': True, 'profiles_dir': '/Users/gregory/Documents/my_dbt_project/jaffle_shop', 'send_anonymous_usage_stats': True, 'event_buffer_size': 100000, 'quiet': False, 'no_print': False, 'config_dir': False, 'which': 'debug', 'indirect_selection': 'eager'}
[0m03:57:34.595912 [debug] [MainThread]: Tracking: tracking
[0m03:57:34.609192 [debug] [MainThread]: Sending event: {'category': 'dbt', 'action': 'invocation', 'label': 'start', 'context': [<snowplow_tracker.self_describing_json.SelfDescribingJson object at 0x1041aec20>, <snowplow_tracker.self_describing_json.SelfDescribingJson object at 0x1041aefe0>, <snowplow_tracker.self_describing_json.SelfDescribingJson object at 0x1041aebf0>]}
[0m03:57:35.502315 [debug] [MainThread]: Executing "git --help"
[0m03:57:35.513119 [debug] [MainThread]: STDOUT: "b"usage: git [--version] [--help] [-C <path>] [-c <name>=<value>]\n           [--exec-path[=<path>]] [--html-path] [--man-path] [--info-path]\n           [-p | --paginate | -P | --no-pager] [--no-replace-objects] [--bare]\n           [--git-dir=<path>] [--work-tree=<path>] [--namespace=<name>]\n           [--super-prefix=<path>] [--config-env=<name>=<envvar>]\n           <command> [<args>]\n\nThese are common Git commands used in various situations:\n\nstart a working area (see also: git help tutorial)\n   clone             Clone a repository into a new directory\n   init              Create an empty Git repository or reinitialize an existing one\n\nwork on the current change (see also: git help everyday)\n   add               Add file contents to the index\n   mv                Move or rename a file, a directory, or a symlink\n   restore           Restore working tree files\n   rm                Remove files from the working tree and from the index\n   sparse-checkout   Initialize and modify the sparse-checkout\n\nexamine the history and state (see also: git help revisions)\n   bisect            Use binary search to find the commit that introduced a bug\n   diff              Show changes between commits, commit and working tree, etc\n   grep              Print lines matching a pattern\n   log               Show commit logs\n   show              Show various types of objects\n   status            Show the working tree status\n\ngrow, mark and tweak your common history\n   branch            List, create, or delete branches\n   commit            Record changes to the repository\n   merge             Join two or more development histories together\n   rebase            Reapply commits on top of another base tip\n   reset             Reset current HEAD to the specified state\n   switch            Switch branches\n   tag               Create, list, delete or verify a tag object signed with GPG\n\ncollaborate (see also: git help workflows)\n   fetch             Download objects and refs from another repository\n   pull              Fetch from and integrate with another repository or a local branch\n   push              Update remote refs along with associated objects\n\n'git help -a' and 'git help -g' list available subcommands and some\nconcept guides. See 'git help <command>' or 'git help <concept>'\nto read about a specific subcommand or concept.\nSee 'git help git' for an overview of the system.\n""
[0m03:57:35.513565 [debug] [MainThread]: STDERR: "b''"
[0m03:57:35.513894 [debug] [MainThread]: Sending event: {'category': 'dbt', 'action': 'invocation', 'label': 'end', 'context': [<snowplow_tracker.self_describing_json.SelfDescribingJson object at 0x1041af640>, <snowplow_tracker.self_describing_json.SelfDescribingJson object at 0x1048041f0>, <snowplow_tracker.self_describing_json.SelfDescribingJson object at 0x1048065f0>]}
[0m03:57:35.514125 [debug] [MainThread]: Flushing usage events


============================== 2022-10-20 03:58:01.923773 | 909cf8e7-2b82-4b3a-8ee6-a32d33515c71 ==============================
[0m03:58:01.923779 [info ] [MainThread]: Running with dbt=1.3.0
[0m03:58:01.923964 [debug] [MainThread]: running dbt with arguments {'write_json': True, 'use_colors': True, 'printer_width': 80, 'version_check': True, 'partial_parse': True, 'static_parser': True, 'profiles_dir': '/Users/gregory/Documents/my_dbt_project/jaffle_shop', 'send_anonymous_usage_stats': True, 'event_buffer_size': 100000, 'quiet': False, 'no_print': False, 'config_dir': False, 'which': 'debug', 'indirect_selection': 'eager'}
[0m03:58:01.924027 [debug] [MainThread]: Tracking: tracking
[0m03:58:01.931339 [debug] [MainThread]: Sending event: {'category': 'dbt', 'action': 'invocation', 'label': 'start', 'context': [<snowplow_tracker.self_describing_json.SelfDescribingJson object at 0x106276470>, <snowplow_tracker.self_describing_json.SelfDescribingJson object at 0x1062762f0>, <snowplow_tracker.self_describing_json.SelfDescribingJson object at 0x106276c20>]}
[0m03:58:01.960250 [debug] [MainThread]: Executing "git --help"
[0m03:58:01.968658 [debug] [MainThread]: STDOUT: "b"usage: git [--version] [--help] [-C <path>] [-c <name>=<value>]\n           [--exec-path[=<path>]] [--html-path] [--man-path] [--info-path]\n           [-p | --paginate | -P | --no-pager] [--no-replace-objects] [--bare]\n           [--git-dir=<path>] [--work-tree=<path>] [--namespace=<name>]\n           [--super-prefix=<path>] [--config-env=<name>=<envvar>]\n           <command> [<args>]\n\nThese are common Git commands used in various situations:\n\nstart a working area (see also: git help tutorial)\n   clone             Clone a repository into a new directory\n   init              Create an empty Git repository or reinitialize an existing one\n\nwork on the current change (see also: git help everyday)\n   add               Add file contents to the index\n   mv                Move or rename a file, a directory, or a symlink\n   restore           Restore working tree files\n   rm                Remove files from the working tree and from the index\n   sparse-checkout   Initialize and modify the sparse-checkout\n\nexamine the history and state (see also: git help revisions)\n   bisect            Use binary search to find the commit that introduced a bug\n   diff              Show changes between commits, commit and working tree, etc\n   grep              Print lines matching a pattern\n   log               Show commit logs\n   show              Show various types of objects\n   status            Show the working tree status\n\ngrow, mark and tweak your common history\n   branch            List, create, or delete branches\n   commit            Record changes to the repository\n   merge             Join two or more development histories together\n   rebase            Reapply commits on top of another base tip\n   reset             Reset current HEAD to the specified state\n   switch            Switch branches\n   tag               Create, list, delete or verify a tag object signed with GPG\n\ncollaborate (see also: git help workflows)\n   fetch             Download objects and refs from another repository\n   pull              Fetch from and integrate with another repository or a local branch\n   push              Update remote refs along with associated objects\n\n'git help -a' and 'git help -g' list available subcommands and some\nconcept guides. See 'git help <command>' or 'git help <concept>'\nto read about a specific subcommand or concept.\nSee 'git help git' for an overview of the system.\n""
[0m03:58:01.969185 [debug] [MainThread]: STDERR: "b''"
[0m03:58:01.974584 [debug] [MainThread]: Acquiring new postgres connection "debug"
[0m03:58:01.975031 [debug] [MainThread]: Using postgres connection "debug"
[0m03:58:01.975104 [debug] [MainThread]: On debug: select 1 as id
[0m03:58:01.975189 [debug] [MainThread]: Opening a new connection, currently in state init
[0m03:58:02.009957 [debug] [MainThread]: Postgres adapter: Got a retryable error when attempting to open a postgres connection.
1 attempts remaining. Retrying in 0 seconds.
Error:
connection to server at "0.0.0.0", port 5432 failed: FATAL:  database "public" does not exist

[0m03:58:02.013787 [debug] [MainThread]: Postgres adapter: Error running SQL: select 1 as id
[0m03:58:02.013878 [debug] [MainThread]: Postgres adapter: Rolling back transaction.
[0m03:58:02.013972 [debug] [MainThread]: On debug: No close available on handle
[0m03:58:02.014335 [debug] [MainThread]: Sending event: {'category': 'dbt', 'action': 'invocation', 'label': 'end', 'context': [<snowplow_tracker.self_describing_json.SelfDescribingJson object at 0x10623b4c0>, <snowplow_tracker.self_describing_json.SelfDescribingJson object at 0x1068edb40>, <snowplow_tracker.self_describing_json.SelfDescribingJson object at 0x1068ee6b0>]}
[0m03:58:02.014631 [debug] [MainThread]: Flushing usage events
[0m03:58:02.318975 [debug] [MainThread]: Connection 'debug' was properly closed.


============================== 2022-10-20 03:58:53.744882 | 6123cfcb-61b3-4d88-8e4a-e130e04ac976 ==============================
[0m03:58:53.744887 [info ] [MainThread]: Running with dbt=1.3.0
[0m03:58:53.745071 [debug] [MainThread]: running dbt with arguments {'write_json': True, 'use_colors': True, 'printer_width': 80, 'version_check': True, 'partial_parse': True, 'static_parser': True, 'profiles_dir': '/Users/gregory/Documents/my_dbt_project/jaffle_shop', 'send_anonymous_usage_stats': True, 'event_buffer_size': 100000, 'quiet': False, 'no_print': False, 'config_dir': False, 'which': 'debug', 'indirect_selection': 'eager'}
[0m03:58:53.745134 [debug] [MainThread]: Tracking: tracking
[0m03:58:53.752514 [debug] [MainThread]: Sending event: {'category': 'dbt', 'action': 'invocation', 'label': 'start', 'context': [<snowplow_tracker.self_describing_json.SelfDescribingJson object at 0x104a764d0>, <snowplow_tracker.self_describing_json.SelfDescribingJson object at 0x104a76350>, <snowplow_tracker.self_describing_json.SelfDescribingJson object at 0x104a76c20>]}
[0m03:58:53.781406 [debug] [MainThread]: Executing "git --help"
[0m03:58:53.789353 [debug] [MainThread]: STDOUT: "b"usage: git [--version] [--help] [-C <path>] [-c <name>=<value>]\n           [--exec-path[=<path>]] [--html-path] [--man-path] [--info-path]\n           [-p | --paginate | -P | --no-pager] [--no-replace-objects] [--bare]\n           [--git-dir=<path>] [--work-tree=<path>] [--namespace=<name>]\n           [--super-prefix=<path>] [--config-env=<name>=<envvar>]\n           <command> [<args>]\n\nThese are common Git commands used in various situations:\n\nstart a working area (see also: git help tutorial)\n   clone             Clone a repository into a new directory\n   init              Create an empty Git repository or reinitialize an existing one\n\nwork on the current change (see also: git help everyday)\n   add               Add file contents to the index\n   mv                Move or rename a file, a directory, or a symlink\n   restore           Restore working tree files\n   rm                Remove files from the working tree and from the index\n   sparse-checkout   Initialize and modify the sparse-checkout\n\nexamine the history and state (see also: git help revisions)\n   bisect            Use binary search to find the commit that introduced a bug\n   diff              Show changes between commits, commit and working tree, etc\n   grep              Print lines matching a pattern\n   log               Show commit logs\n   show              Show various types of objects\n   status            Show the working tree status\n\ngrow, mark and tweak your common history\n   branch            List, create, or delete branches\n   commit            Record changes to the repository\n   merge             Join two or more development histories together\n   rebase            Reapply commits on top of another base tip\n   reset             Reset current HEAD to the specified state\n   switch            Switch branches\n   tag               Create, list, delete or verify a tag object signed with GPG\n\ncollaborate (see also: git help workflows)\n   fetch             Download objects and refs from another repository\n   pull              Fetch from and integrate with another repository or a local branch\n   push              Update remote refs along with associated objects\n\n'git help -a' and 'git help -g' list available subcommands and some\nconcept guides. See 'git help <command>' or 'git help <concept>'\nto read about a specific subcommand or concept.\nSee 'git help git' for an overview of the system.\n""
[0m03:58:53.789736 [debug] [MainThread]: STDERR: "b''"
[0m03:58:53.792670 [debug] [MainThread]: Acquiring new postgres connection "debug"
[0m03:58:53.793038 [debug] [MainThread]: Using postgres connection "debug"
[0m03:58:53.793113 [debug] [MainThread]: On debug: select 1 as id
[0m03:58:53.793177 [debug] [MainThread]: Opening a new connection, currently in state init
[0m03:58:53.814355 [debug] [MainThread]: SQL status: SELECT 1 in 0.02 seconds
[0m03:58:53.815396 [debug] [MainThread]: On debug: Close
[0m03:58:53.815603 [debug] [MainThread]: Sending event: {'category': 'dbt', 'action': 'invocation', 'label': 'end', 'context': [<snowplow_tracker.self_describing_json.SelfDescribingJson object at 0x104a3f4f0>, <snowplow_tracker.self_describing_json.SelfDescribingJson object at 0x1050bb370>, <snowplow_tracker.self_describing_json.SelfDescribingJson object at 0x1050bab90>]}
[0m03:58:53.815800 [debug] [MainThread]: Flushing usage events
[0m03:58:54.455625 [debug] [MainThread]: Connection 'debug' was properly closed.


============================== 2022-10-20 21:13:26.429981 | 5eea26d6-71af-4038-b64c-5569efde47cd ==============================
[0m21:13:26.429985 [info ] [MainThread]: Running with dbt=1.3.0
[0m21:13:26.430599 [debug] [MainThread]: running dbt with arguments {'write_json': True, 'use_colors': True, 'printer_width': 80, 'version_check': True, 'partial_parse': True, 'static_parser': True, 'profiles_dir': '/Users/gregory/Documents/my_dbt_project/jaffle_shop', 'send_anonymous_usage_stats': True, 'event_buffer_size': 100000, 'quiet': False, 'no_print': False, 'config_dir': False, 'which': 'debug', 'indirect_selection': 'eager'}
[0m21:13:26.430664 [debug] [MainThread]: Tracking: tracking
[0m21:13:26.440253 [debug] [MainThread]: Sending event: {'category': 'dbt', 'action': 'invocation', 'label': 'start', 'context': [<snowplow_tracker.self_describing_json.SelfDescribingJson object at 0x105c123e0>, <snowplow_tracker.self_describing_json.SelfDescribingJson object at 0x105c12260>, <snowplow_tracker.self_describing_json.SelfDescribingJson object at 0x105c12c80>]}
[0m21:13:26.505761 [debug] [MainThread]: Executing "git --help"
[0m21:13:26.541884 [debug] [MainThread]: STDOUT: "b"usage: git [--version] [--help] [-C <path>] [-c <name>=<value>]\n           [--exec-path[=<path>]] [--html-path] [--man-path] [--info-path]\n           [-p | --paginate | -P | --no-pager] [--no-replace-objects] [--bare]\n           [--git-dir=<path>] [--work-tree=<path>] [--namespace=<name>]\n           [--super-prefix=<path>] [--config-env=<name>=<envvar>]\n           <command> [<args>]\n\nThese are common Git commands used in various situations:\n\nstart a working area (see also: git help tutorial)\n   clone             Clone a repository into a new directory\n   init              Create an empty Git repository or reinitialize an existing one\n\nwork on the current change (see also: git help everyday)\n   add               Add file contents to the index\n   mv                Move or rename a file, a directory, or a symlink\n   restore           Restore working tree files\n   rm                Remove files from the working tree and from the index\n   sparse-checkout   Initialize and modify the sparse-checkout\n\nexamine the history and state (see also: git help revisions)\n   bisect            Use binary search to find the commit that introduced a bug\n   diff              Show changes between commits, commit and working tree, etc\n   grep              Print lines matching a pattern\n   log               Show commit logs\n   show              Show various types of objects\n   status            Show the working tree status\n\ngrow, mark and tweak your common history\n   branch            List, create, or delete branches\n   commit            Record changes to the repository\n   merge             Join two or more development histories together\n   rebase            Reapply commits on top of another base tip\n   reset             Reset current HEAD to the specified state\n   switch            Switch branches\n   tag               Create, list, delete or verify a tag object signed with GPG\n\ncollaborate (see also: git help workflows)\n   fetch             Download objects and refs from another repository\n   pull              Fetch from and integrate with another repository or a local branch\n   push              Update remote refs along with associated objects\n\n'git help -a' and 'git help -g' list available subcommands and some\nconcept guides. See 'git help <command>' or 'git help <concept>'\nto read about a specific subcommand or concept.\nSee 'git help git' for an overview of the system.\n""
[0m21:13:26.542546 [debug] [MainThread]: STDERR: "b''"
[0m21:13:26.546414 [debug] [MainThread]: Acquiring new postgres connection "debug"
[0m21:13:26.546912 [debug] [MainThread]: Using postgres connection "debug"
[0m21:13:26.546978 [debug] [MainThread]: On debug: select 1 as id
[0m21:13:26.547044 [debug] [MainThread]: Opening a new connection, currently in state init
[0m21:13:26.573925 [debug] [MainThread]: SQL status: SELECT 1 in 0.03 seconds
[0m21:13:26.574876 [debug] [MainThread]: On debug: Close
[0m21:13:26.575079 [debug] [MainThread]: Sending event: {'category': 'dbt', 'action': 'invocation', 'label': 'end', 'context': [<snowplow_tracker.self_describing_json.SelfDescribingJson object at 0x105bd7c40>, <snowplow_tracker.self_describing_json.SelfDescribingJson object at 0x106257370>, <snowplow_tracker.self_describing_json.SelfDescribingJson object at 0x106256bc0>]}
[0m21:13:26.575249 [debug] [MainThread]: Flushing usage events
[0m21:13:28.195825 [debug] [MainThread]: Connection 'debug' was properly closed.


============================== 2022-10-22 03:35:05.026548 | a82a8a85-e267-4855-8269-e3aaa121d9e9 ==============================
[0m03:35:05.026553 [info ] [MainThread]: Running with dbt=1.3.0
[0m03:35:05.027776 [debug] [MainThread]: running dbt with arguments {'write_json': True, 'use_colors': True, 'printer_width': 80, 'version_check': True, 'partial_parse': True, 'static_parser': True, 'profiles_dir': '/Users/gregory/Documents/my_dbt_project/pagila_dbt', 'send_anonymous_usage_stats': True, 'event_buffer_size': 100000, 'quiet': False, 'no_print': False, 'which': 'deps', 'rpc_method': 'deps', 'indirect_selection': 'eager'}
[0m03:35:05.027842 [debug] [MainThread]: Tracking: tracking
[0m03:35:05.035475 [debug] [MainThread]: Sending event: {'category': 'dbt', 'action': 'invocation', 'label': 'start', 'context': [<snowplow_tracker.self_describing_json.SelfDescribingJson object at 0x1086e0460>, <snowplow_tracker.self_describing_json.SelfDescribingJson object at 0x1086e0580>, <snowplow_tracker.self_describing_json.SelfDescribingJson object at 0x1086e0640>]}
[0m03:35:05.036528 [debug] [MainThread]: Set downloads directory='/var/folders/pn/4jyp28wd1h36bj3g8ms74m6h0000gn/T/dbt-downloads-ihjq8gx9'
[0m03:35:05.036914 [debug] [MainThread]: Making package index registry request: GET https://hub.getdbt.com/api/v1/index.json
[0m03:35:05.550446 [debug] [MainThread]: Response from registry index: GET https://hub.getdbt.com/api/v1/index.json 200
[0m03:35:05.552314 [debug] [MainThread]: Making package registry request: GET https://hub.getdbt.com/api/v1/dbt-labs/codegen.json
[0m03:35:05.830220 [debug] [MainThread]: Response from registry: GET https://hub.getdbt.com/api/v1/dbt-labs/codegen.json 200
[0m03:35:05.839680 [debug] [MainThread]: Making package registry request: GET https://hub.getdbt.com/api/v1/dbt-labs/dbt_project_evaluator.json
[0m03:35:06.128611 [debug] [MainThread]: Response from registry: GET https://hub.getdbt.com/api/v1/dbt-labs/dbt_project_evaluator.json 200
[0m03:35:06.134577 [debug] [MainThread]: Making package registry request: GET https://hub.getdbt.com/api/v1/dbt-labs/dbt_utils.json
[0m03:35:06.352755 [debug] [MainThread]: Response from registry: GET https://hub.getdbt.com/api/v1/dbt-labs/dbt_utils.json 200
[0m03:35:06.402954 [info ] [MainThread]: Installing dbt-labs/codegen
[0m03:35:06.775527 [info ] [MainThread]:   Installed from version 0.8.1
[0m03:35:06.775901 [info ] [MainThread]:   Up to date!
[0m03:35:06.776209 [debug] [MainThread]: Sending event: {'category': 'dbt', 'action': 'package', 'label': 'a82a8a85-e267-4855-8269-e3aaa121d9e9', 'property_': 'install', 'context': [<snowplow_tracker.self_describing_json.SelfDescribingJson object at 0x1086e0730>, <snowplow_tracker.self_describing_json.SelfDescribingJson object at 0x1086e0760>]}
[0m03:35:06.776458 [info ] [MainThread]: Installing dbt-labs/dbt_project_evaluator
[0m03:35:07.193081 [info ] [MainThread]:   Installed from version 0.2.0
[0m03:35:07.193493 [info ] [MainThread]:   Up to date!
[0m03:35:07.193738 [debug] [MainThread]: Sending event: {'category': 'dbt', 'action': 'package', 'label': 'a82a8a85-e267-4855-8269-e3aaa121d9e9', 'property_': 'install', 'context': [<snowplow_tracker.self_describing_json.SelfDescribingJson object at 0x108751480>, <snowplow_tracker.self_describing_json.SelfDescribingJson object at 0x108752590>]}
[0m03:35:07.193998 [info ] [MainThread]: Installing dbt-labs/dbt_utils
[0m03:35:07.710574 [info ] [MainThread]:   Installed from version 0.9.2
[0m03:35:07.710761 [info ] [MainThread]:   Up to date!
[0m03:35:07.710902 [debug] [MainThread]: Sending event: {'category': 'dbt', 'action': 'package', 'label': 'a82a8a85-e267-4855-8269-e3aaa121d9e9', 'property_': 'install', 'context': [<snowplow_tracker.self_describing_json.SelfDescribingJson object at 0x108751a20>, <snowplow_tracker.self_describing_json.SelfDescribingJson object at 0x1087517e0>]}
[0m03:35:07.711380 [debug] [MainThread]: Sending event: {'category': 'dbt', 'action': 'invocation', 'label': 'end', 'context': [<snowplow_tracker.self_describing_json.SelfDescribingJson object at 0x10874f340>, <snowplow_tracker.self_describing_json.SelfDescribingJson object at 0x10872ce80>, <snowplow_tracker.self_describing_json.SelfDescribingJson object at 0x1087351b0>]}
[0m03:35:07.711505 [debug] [MainThread]: Flushing usage events
